<?xml version="1.0" encoding="UTF-8"?>
<!-- Generated by org.testng.reporters.JUnitReportReporter -->
<testsuite skipped="0" hostname="M-SHARATH-KUMAR" name="com.crm.Vtiger.SampleTest" tests="2" failures="0" timestamp="2022-08-29T18:37:58 IST" time="0.014" errors="0">
  <testcase name="a" time="0.013" classname="com.crm.Vtiger.SampleTest"/>
  <system-out/>
  <testcase name="b" time="0.001" classname="com.crm.Vtiger.SampleTest"/>
  <system-out/>
</testsuite> <!-- com.crm.Vtiger.SampleTest -->
