<?xml version="1.0" encoding="UTF-8"?>
<!-- Generated by org.testng.reporters.JUnitReportReporter -->
<testsuite skipped="0" hostname="M-SHARATH-KUMAR" name="com.crm.Vtiger.DemoTest" tests="2" failures="0" timestamp="2022-08-29T18:37:58 IST" time="0.006" errors="0">
  <testcase name="Hlo" time="0.003" classname="com.crm.Vtiger.DemoTest"/>
  <system-out/>
  <testcase name="display" time="0.003" classname="com.crm.Vtiger.DemoTest"/>
  <system-out/>
</testsuite> <!-- com.crm.Vtiger.DemoTest -->
