<?xml version="1.0" encoding="UTF-8"?>
<!-- Generated by org.testng.reporters.JUnitReportReporter -->
<testsuite skipped="0" hostname="M-SHARATH-KUMAR" name="com.crm.Vtiger.DemoTest" tests="1" failures="0" timestamp="2022-08-29T12:17:27 IST" time="0.005" errors="0">
  <testcase name="display" time="0.005" classname="com.crm.Vtiger.DemoTest"/>
  <system-out/>
</testsuite> <!-- com.crm.Vtiger.DemoTest -->
