<?xml version="1.0" encoding="UTF-8"?>
<!-- Generated by org.testng.reporters.JUnitReportReporter -->
<testsuite skipped="0" hostname="M-SHARATH-KUMAR" name="com.crm.Vtiger.DemoTest" tests="2" failures="0" timestamp="2022-08-29T19:29:09 IST" time="0.001" errors="0">
  <testcase name="displayTest" time="0.000" classname="com.crm.Vtiger.DemoTest"/>
  <system-out/>
  <testcase name="HloTest" time="0.001" classname="com.crm.Vtiger.DemoTest"/>
  <system-out/>
</testsuite> <!-- com.crm.Vtiger.DemoTest -->
